<?xml version="1.0" encoding="UTF-8"?>
<testng-results ignored="0" total="1" passed="1" failed="0" skipped="0">
  <reporter-output>
  </reporter-output>
  <suite started-at="2026-07-02T23:15:59 WIB" name="Surefire suite" finished-at="2026-07-02T23:16:57 WIB" duration-ms="58186">
    <groups>
    </groups>
    <test started-at="2026-07-02T23:15:59 WIB" name="Surefire test" finished-at="2026-07-02T23:16:57 WIB" duration-ms="58186">
      <class name="tests.LoginTest">
        <test-method is-config="true" signature="setup()[pri:0, instance:tests.LoginTest@1649b0e6]" started-at="2026-07-02T23:15:59 WIB" name="setup" finished-at="2026-07-02T23:16:31 WIB" duration-ms="32438" status="PASS">
          <reporter-output>
          </reporter-output>
        </test-method> <!-- setup -->
        <test-method signature="loginSuccess()[pri:0, instance:tests.LoginTest@1649b0e6]" started-at="2026-07-02T23:16:31 WIB" name="loginSuccess" finished-at="2026-07-02T23:16:37 WIB" duration-ms="5451" status="PASS">
          <reporter-output>
          </reporter-output>
        </test-method> <!-- loginSuccess -->
        <test-method is-config="true" signature="teardown()[pri:0, instance:tests.LoginTest@1649b0e6]" started-at="2026-07-02T23:16:37 WIB" name="teardown" finished-at="2026-07-02T23:16:57 WIB" duration-ms="20148" status="PASS">
          <reporter-output>
          </reporter-output>
        </test-method> <!-- teardown -->
      </class> <!-- tests.LoginTest -->
    </test> <!-- Surefire test -->
  </suite> <!-- Surefire suite -->
</testng-results>
