<?xml version="1.0" encoding="UTF-8"?>
<testng-results ignored="0" total="1" passed="1" failed="0" skipped="0">
  <reporter-output>
  </reporter-output>
  <suite started-at="2026-07-03T09:45:35 WIB" name="Surefire suite" finished-at="2026-07-03T09:45:50 WIB" duration-ms="14704">
    <groups>
    </groups>
    <test started-at="2026-07-03T09:45:35 WIB" name="Surefire test" finished-at="2026-07-03T09:45:50 WIB" duration-ms="14704">
      <class name="tests.LoginTest">
        <test-method is-config="true" signature="setup()[pri:0, instance:tests.LoginTest@1649b0e6]" started-at="2026-07-03T09:45:35 WIB" name="setup" finished-at="2026-07-03T09:45:47 WIB" duration-ms="12401" status="PASS">
          <reporter-output>
          </reporter-output>
        </test-method> <!-- setup -->
        <test-method signature="loginSuccess()[pri:0, instance:tests.LoginTest@1649b0e6]" started-at="2026-07-03T09:45:47 WIB" name="loginSuccess" finished-at="2026-07-03T09:45:49 WIB" duration-ms="2141" status="PASS">
          <reporter-output>
          </reporter-output>
        </test-method> <!-- loginSuccess -->
        <test-method is-config="true" signature="teardown()[pri:0, instance:tests.LoginTest@1649b0e6]" started-at="2026-07-03T09:45:49 WIB" name="teardown" finished-at="2026-07-03T09:45:50 WIB" duration-ms="105" status="PASS">
          <reporter-output>
          </reporter-output>
        </test-method> <!-- teardown -->
      </class> <!-- tests.LoginTest -->
    </test> <!-- Surefire test -->
  </suite> <!-- Surefire suite -->
</testng-results>
